White has legal moves at A2, E2, G2, B3, C4, B5, C5, G5, H7, A8, B8, C8, G8
White has legal moves at C4, D6, F6, H6, B7
White has legal moves at A1, G7, C8, H8
Black has legal moves at B3, C3, D6, F6, G7
White has legal moves at A4, A6, B6, D6, E6, F6
White has legal moves at D2, A3, C3, F3, F4, F5, D8, E8, F8
White has legal moves at B4, F5, D6, F6, H6, E7
White has legal moves at G1
White has legal moves at C3, D3, C5
Black has legal moves at E2, B3, C3, E3, F3, B4, F6, A7, F7, G7
White has legal moves at F8
Black has legal moves at F2, G2, F5, D6, F6, F7
Black has legal moves at A1, B1, H1, H2, D3, G3, G4, A6, A7, B7, D7, H7, B8, C8, D8, E8
White has legal moves at A1, G1, H1, A2, H2, A4, H5, A7, A8, G8
White has legal moves at D1, E1, F1, F2, A3, G4, F6, G6, H6, G7, B8, C8, D8, G8
White has legal moves at C1, F2, A3, B3, D3, F3, A5, C6
White has legal moves at D3, C4, F4, G4, C6, G6
Black has legal moves at C1, F1, H1, C2, D2, B3, D3, F5, G5, D6, D7, F7, A8, D8
White has legal moves at C1, F1, C2, G2, C3, C4, C6, D7, F7, D8
Black has legal moves at A1, C1, F4, H6, A8, G8
White has legal moves at A3, D3, H5, A6, G6, H6, H7, A8, B8, D8
White has legal moves at D1, F3, G3, G6, F8
Black has legal moves at E3, F3, F4, H6, E7, F7, G7
White has legal moves at D3, F3, F5
Black has legal moves at F3, F5, G5, F7
White has legal moves at B1, E2, G2, B3, H3, F4, B5, F6
White has legal moves at G1, D2, F2, C3, G3, G4, H4, H5, D6, E6, H6
Black has legal moves at C2, C3, C4, G4, A5, H5, C6, G6, H6, F7, E8
Black has legal moves at G1, H1, G2, F3, F7, C8, G8
Black has legal moves at C1, E1, E3, A5, G6, A7, G7, C8, G8
Black has legal moves at E3, F4, C5, D6
White has legal moves at H2, D6, G6, A8
Black has legal moves at A2, B2, D2, E2, F2, G2, A4, F4
White has legal moves at E1, F1, A2, B2, F2, F3, H3, A4, H4, E6, F6, D7, E7, C8
White has legal moves at B3, C3, D3, B4, D6, D7, E7
Black has legal moves at C1, D2, B4, F4, B6, D6, F6, C7
White has legal moves at E2, B8, E8
White has legal moves at B1, C1, E1, E2, F2, H2, E3, H3, B4, B6, E6, H6, C8
White has legal moves at C4, G4, C6, G6
Black has legal moves at E1, C2, E2, E3, G3, A5, B5, E6, C7, D7, E7, G7, E8, F8
Black has legal moves at F1, F2, G2, A3, A5, B5, G5, B7, E8, H8
White has legal moves at C1, G1, H1, A2, F2, A4, G4, A6, H6, B7, C7, G7, H7, H8
Black has legal moves at B2, D3, C4, H4, C6, H6
Black has legal moves at G1, D3, G4, G5, D6, E6, E8
Black has legal moves at B1, C2, H2, A4, F4, F6, G6, H6
White has legal moves at B1, H2, H5, G8, H8
Black has legal moves at F2, A3, B3, C3, B5, B6, F6, B8
White has legal moves at D1, E1, C2, D2, C3, H3, A4, A5, C8, D8, G8
Black has legal moves at H2, G3, H3, G4, G5, E6, F7, G7
White has legal moves at B2, G5, F6, D8
